-------------------------------------------------------------------------------
Test set: main.AppAluguelLivrosApplicationTests
-------------------------------------------------------------------------------
Tests run: 9, Failures: 0, Errors: 9, Skipped: 0, Time elapsed: 2.911 s <<< FAILURE! - in main.AppAluguelLivrosApplicationTests
getLivroByIdTest  Time elapsed: 0.02 s  <<< ERROR!
java.lang.IllegalStateException: Failed to load ApplicationContext
Caused by: org.springframework.beans.factory.BeanDefinitionStoreException: Failed to parse configuration class [main.Application]; nested exception is org.springframework.context.annotation.ConflictingBeanDefinitionException: Annotation-specified bean name 'mvcConfig' for bean class [main.restControllers.MvcConfig] conflicts with existing, non-compatible bean definition of same name and class [main.config.MvcConfig]
Caused by: org.springframework.context.annotation.ConflictingBeanDefinitionException: Annotation-specified bean name 'mvcConfig' for bean class [main.restControllers.MvcConfig] conflicts with existing, non-compatible bean definition of same name and class [main.config.MvcConfig]

AdminResource_alugarLivroNegadoTest  Time elapsed: 0.001 s  <<< ERROR!
java.lang.IllegalStateException: Failed to load ApplicationContext
Caused by: org.springframework.beans.factory.BeanDefinitionStoreException: Failed to parse configuration class [main.Application]; nested exception is org.springframework.context.annotation.ConflictingBeanDefinitionException: Annotation-specified bean name 'mvcConfig' for bean class [main.restControllers.MvcConfig] conflicts with existing, non-compatible bean definition of same name and class [main.config.MvcConfig]
Caused by: org.springframework.context.annotation.ConflictingBeanDefinitionException: Annotation-specified bean name 'mvcConfig' for bean class [main.restControllers.MvcConfig] conflicts with existing, non-compatible bean definition of same name and class [main.config.MvcConfig]

AdminResource_alugarLivroTest  Time elapsed: 0.011 s  <<< ERROR!
java.lang.IllegalStateException: Failed to load ApplicationContext
Caused by: org.springframework.beans.factory.BeanDefinitionStoreException: Failed to parse configuration class [main.Application]; nested exception is org.springframework.context.annotation.ConflictingBeanDefinitionException: Annotation-specified bean name 'mvcConfig' for bean class [main.restControllers.MvcConfig] conflicts with existing, non-compatible bean definition of same name and class [main.config.MvcConfig]
Caused by: org.springframework.context.annotation.ConflictingBeanDefinitionException: Annotation-specified bean name 'mvcConfig' for bean class [main.restControllers.MvcConfig] conflicts with existing, non-compatible bean definition of same name and class [main.config.MvcConfig]

AdminResource_alugarLivroNegadoRandomTest  Time elapsed: 0 s  <<< ERROR!
java.lang.IllegalStateException: Failed to load ApplicationContext
Caused by: org.springframework.beans.factory.BeanDefinitionStoreException: Failed to parse configuration class [main.Application]; nested exception is org.springframework.context.annotation.ConflictingBeanDefinitionException: Annotation-specified bean name 'mvcConfig' for bean class [main.restControllers.MvcConfig] conflicts with existing, non-compatible bean definition of same name and class [main.config.MvcConfig]
Caused by: org.springframework.context.annotation.ConflictingBeanDefinitionException: Annotation-specified bean name 'mvcConfig' for bean class [main.restControllers.MvcConfig] conflicts with existing, non-compatible bean definition of same name and class [main.config.MvcConfig]

getAllLivroTest  Time elapsed: 0 s  <<< ERROR!
java.lang.IllegalStateException: Failed to load ApplicationContext
Caused by: org.springframework.beans.factory.BeanDefinitionStoreException: Failed to parse configuration class [main.Application]; nested exception is org.springframework.context.annotation.ConflictingBeanDefinitionException: Annotation-specified bean name 'mvcConfig' for bean class [main.restControllers.MvcConfig] conflicts with existing, non-compatible bean definition of same name and class [main.config.MvcConfig]
Caused by: org.springframework.context.annotation.ConflictingBeanDefinitionException: Annotation-specified bean name 'mvcConfig' for bean class [main.restControllers.MvcConfig] conflicts with existing, non-compatible bean definition of same name and class [main.config.MvcConfig]

getLivroByIsbn2Test  Time elapsed: 0.004 s  <<< ERROR!
java.lang.IllegalStateException: Failed to load ApplicationContext
Caused by: org.springframework.beans.factory.BeanDefinitionStoreException: Failed to parse configuration class [main.Application]; nested exception is org.springframework.context.annotation.ConflictingBeanDefinitionException: Annotation-specified bean name 'mvcConfig' for bean class [main.restControllers.MvcConfig] conflicts with existing, non-compatible bean definition of same name and class [main.config.MvcConfig]
Caused by: org.springframework.context.annotation.ConflictingBeanDefinitionException: Annotation-specified bean name 'mvcConfig' for bean class [main.restControllers.MvcConfig] conflicts with existing, non-compatible bean definition of same name and class [main.config.MvcConfig]

contextLoads  Time elapsed: 0.001 s  <<< ERROR!
java.lang.IllegalStateException: Failed to load ApplicationContext
Caused by: org.springframework.beans.factory.BeanDefinitionStoreException: Failed to parse configuration class [main.Application]; nested exception is org.springframework.context.annotation.ConflictingBeanDefinitionException: Annotation-specified bean name 'mvcConfig' for bean class [main.restControllers.MvcConfig] conflicts with existing, non-compatible bean definition of same name and class [main.config.MvcConfig]
Caused by: org.springframework.context.annotation.ConflictingBeanDefinitionException: Annotation-specified bean name 'mvcConfig' for bean class [main.restControllers.MvcConfig] conflicts with existing, non-compatible bean definition of same name and class [main.config.MvcConfig]

AdminResource_getAllBlog_sizeTest  Time elapsed: 0.001 s  <<< ERROR!
java.lang.IllegalStateException: Failed to load ApplicationContext
Caused by: org.springframework.beans.factory.BeanDefinitionStoreException: Failed to parse configuration class [main.Application]; nested exception is org.springframework.context.annotation.ConflictingBeanDefinitionException: Annotation-specified bean name 'mvcConfig' for bean class [main.restControllers.MvcConfig] conflicts with existing, non-compatible bean definition of same name and class [main.config.MvcConfig]
Caused by: org.springframework.context.annotation.ConflictingBeanDefinitionException: Annotation-specified bean name 'mvcConfig' for bean class [main.restControllers.MvcConfig] conflicts with existing, non-compatible bean definition of same name and class [main.config.MvcConfig]

getLivroByIsbnTest  Time elapsed: 0.004 s  <<< ERROR!
java.lang.IllegalStateException: Failed to load ApplicationContext
Caused by: org.springframework.beans.factory.BeanDefinitionStoreException: Failed to parse configuration class [main.Application]; nested exception is org.springframework.context.annotation.ConflictingBeanDefinitionException: Annotation-specified bean name 'mvcConfig' for bean class [main.restControllers.MvcConfig] conflicts with existing, non-compatible bean definition of same name and class [main.config.MvcConfig]
Caused by: org.springframework.context.annotation.ConflictingBeanDefinitionException: Annotation-specified bean name 'mvcConfig' for bean class [main.restControllers.MvcConfig] conflicts with existing, non-compatible bean definition of same name and class [main.config.MvcConfig]

