<?xml version="1.0" encoding="UTF-8"?>
<testsuite xmlns:xsi="http://www.w3.org/2001/XMLSchema-instance" xsi:noNamespaceSchemaLocation="https://maven.apache.org/surefire/maven-surefire-plugin/xsd/surefire-test-report.xsd" name="main.AppAluguelLivrosApplicationTests" time="14.268" tests="9" errors="0" skipped="0" failures="0">
  <properties>
[...]
</properties>
  <testcase name="getLivroByIdTest" classname="main.AppAluguelLivrosApplicationTests" time="0.39"/>
  <testcase name="AdminResource_alugarLivroNegadoTest" classname="main.AppAluguelLivrosApplicationTests" time="0.117"/>
  <testcase name="AdminResource_alugarLivroTest" classname="main.AppAluguelLivrosApplicationTests" time="0.06"/>
  <testcase name="AdminResource_alugarLivroNegadoRandomTest" classname="main.AppAluguelLivrosApplicationTests" time="0.064"/>
  <testcase name="getAllLivroTest" classname="main.AppAluguelLivrosApplicationTests" time="0.022"/>
  <testcase name="getLivroByIsbn2Test" classname="main.AppAluguelLivrosApplicationTests" time="0.143"/>
  <testcase name="contextLoads" classname="main.AppAluguelLivrosApplicationTests" time="0.012"/>
  <testcase name="AdminResource_getAllBlog_sizeTest" classname="main.AppAluguelLivrosApplicationTests" time="0.028"/>
  <testcase name="getLivroByIsbnTest" classname="main.AppAluguelLivrosApplicationTests" time="0.016"/>
</testsuite>